<?xml version="1.0" encoding="UTF-8"?>
<!-- Generated by org.testng.reporters.JUnitReportReporter -->
<testsuite skipped="0" hostname="HP" name="com.qa.tests.APITest_POST" tests="1" failures="0" timestamp="24 Mar 2019 11:43:52 GMT" time="6.469" errors="0">
  <testcase name="postAPITest" time="6.469" classname="com.qa.tests.APITest_POST"/>
</testsuite> <!-- com.qa.tests.APITest_POST -->
