<?xml version="1.0" encoding="UTF-8"?>
<!-- Generated by org.testng.reporters.JUnitReportReporter -->
<testsuite skipped="0" hostname="HP" name="com.qa.tests.APITest_PUT" tests="1" failures="0" timestamp="23 Mar 2019 05:15:48 GMT" time="13.189" errors="0">
  <testcase name="putApiTest" time="13.189" classname="com.qa.tests.APITest_PUT"/>
</testsuite> <!-- com.qa.tests.APITest_PUT -->
