<?xml version="1.0" encoding="UTF-8"?>
<!-- Generated by org.testng.reporters.JUnitReportReporter -->
<testsuite skipped="0" hostname="HP" name="APITest_PUT" tests="1" failures="0" timestamp="11 Feb 2019 17:17:04 GMT" time="6.116" errors="0">
  <testcase name="putApiTest" time="6.116" classname="APITest_PUT"/>
</testsuite> <!-- APITest_PUT -->
