<?xml version="1.0" encoding="UTF-8"?>
<!-- Generated by org.testng.reporters.JUnitReportReporter -->
<testsuite skipped="0" hostname="HP" name="APITest_POST" tests="1" failures="0" timestamp="11 Feb 2019 16:51:31 GMT" time="6.079" errors="0">
  <testcase name="test" time="6.079" classname="APITest_POST"/>
</testsuite> <!-- APITest_POST -->
