<?xml version="1.0" encoding="UTF-8"?>
<!-- Generated by org.testng.reporters.JUnitReportReporter -->
<testsuite skipped="0" hostname="HP" name="com.qa.testcases.Authenticate_Test" tests="4" failures="0" timestamp="24 Mar 2019 18:06:00 GMT" time="10.450" errors="0">
  <testcase name="negativeAuthtest1" time="7.238" classname="com.qa.testcases.Authenticate_Test"/>
  <testcase name="negativeAuthtest2" time="1.053" classname="com.qa.testcases.Authenticate_Test"/>
  <testcase name="AuthresponseCode" time="1.121" classname="com.qa.testcases.Authenticate_Test"/>
  <testcase name="AuthresponseContent" time="1.038" classname="com.qa.testcases.Authenticate_Test"/>
</testsuite> <!-- com.qa.testcases.Authenticate_Test -->
