<?xml version="1.0" encoding="UTF-8"?>
<!-- Generated by org.testng.reporters.JUnitReportReporter -->
<testsuite skipped="0" hostname="HP" name="com.qa.testcases.MyProfile_Test" tests="2" failures="0" timestamp="24 Mar 2019 18:06:00 GMT" time="1.996" errors="0">
  <testcase name="getMyProfile" time="0.977" classname="com.qa.testcases.MyProfile_Test"/>
  <testcase name="setMyProfile" time="1.019" classname="com.qa.testcases.MyProfile_Test"/>
</testsuite> <!-- com.qa.testcases.MyProfile_Test -->
