<?xml version="1.0" encoding="UTF-8"?>
<!-- Generated by org.testng.reporters.JUnitReportReporter -->
<testsuite skipped="0" hostname="HP" name="APITest_GET" tests="1" failures="0" timestamp="11 Feb 2019 14:58:37 GMT" time="5.281" errors="0">
  <testcase name="gettest" time="5.281" classname="APITest_GET"/>
</testsuite> <!-- APITest_GET -->
