<?xml version="1.0" encoding="UTF-8"?>
<!-- Generated by org.testng.reporters.JUnitReportReporter -->
<testsuite skipped="0" hostname="HP" name="com.qa.tests.APITest_GET" tests="1" failures="0" timestamp="24 Feb 2019 06:05:29 GMT" time="8.235" errors="0">
  <testcase name="getAPITest" time="8.235" classname="com.qa.tests.APITest_GET"/>
</testsuite> <!-- com.qa.tests.APITest_GET -->
