<?xml version="1.0" encoding="UTF-8"?>
<!-- Generated by org.testng.reporters.JUnitReportReporter -->
<testsuite skipped="0" hostname="HP" name="APITest_DELETE" tests="1" failures="0" timestamp="11 Feb 2019 17:41:04 GMT" time="5.020" errors="0">
  <testcase name="deleteAPITest" time="5.020" classname="APITest_DELETE"/>
</testsuite> <!-- APITest_DELETE -->
