<?xml version="1.0" encoding="UTF-8"?>
<!-- Generated by org.testng.reporters.JUnitReportReporter -->
<testsuite skipped="0" hostname="HP" name="com.qa.testcases.Authenticate_Test" tests="4" failures="0" timestamp="24 Mar 2019 18:16:39 GMT" time="9.092" errors="0">
  <testcase name="negativeAuthtest1" time="6.460" classname="com.qa.testcases.Authenticate_Test"/>
  <testcase name="negativeAuthtest2" time="0.905" classname="com.qa.testcases.Authenticate_Test"/>
  <testcase name="AuthresponseCode" time="0.851" classname="com.qa.testcases.Authenticate_Test"/>
  <testcase name="AuthresponseContent" time="0.876" classname="com.qa.testcases.Authenticate_Test"/>
</testsuite> <!-- com.qa.testcases.Authenticate_Test -->
